0 info it worked if it ends with ok
1 verbose cli [ 'node',
1 verbose cli   '/usr/local/bin/npm',
1 verbose cli   'install',
1 verbose cli   'socket.io',
1 verbose cli   '–save-dev' ]
2 info using npm@1.2.32
3 info using node@v0.10.12
4 verbose read json /Users/shawnsnyder/Documents/code/bracketYoCordova/www/package.json
5 warn package.json passport-google-examples-signon@0.0.0 No repository field.
6 warn package.json passport-google-examples-signon@0.0.0 No readme data.
7 verbose read json /Users/shawnsnyder/Documents/code/bracketYoCordova/www/node_modules/ejs/package.json
8 verbose read json /Users/shawnsnyder/Documents/code/bracketYoCordova/www/node_modules/express/package.json
9 verbose read json /Users/shawnsnyder/Documents/code/bracketYoCordova/www/node_modules/nodemon/package.json
10 verbose read json /Users/shawnsnyder/Documents/code/bracketYoCordova/www/node_modules/passport/package.json
11 verbose read json /Users/shawnsnyder/Documents/code/bracketYoCordova/www/node_modules/passport-google/package.json
12 verbose from cache /Users/shawnsnyder/Documents/code/bracketYoCordova/www/package.json
13 verbose readDependencies using package.json deps
14 verbose cache add [ 'socket.io', null ]
15 verbose cache add name=undefined spec="socket.io" args=["socket.io",null]
16 verbose parsed url { protocol: null,
16 verbose parsed url   slashes: null,
16 verbose parsed url   auth: null,
16 verbose parsed url   host: null,
16 verbose parsed url   port: null,
16 verbose parsed url   hostname: null,
16 verbose parsed url   hash: null,
16 verbose parsed url   search: null,
16 verbose parsed url   query: null,
16 verbose parsed url   pathname: 'socket.io',
16 verbose parsed url   path: 'socket.io',
16 verbose parsed url   href: 'socket.io' }
17 verbose cache add [ '–save-dev', null ]
18 verbose cache add name=undefined spec="–save-dev" args=["–save-dev",null]
19 verbose parsed url { protocol: null,
19 verbose parsed url   slashes: null,
19 verbose parsed url   auth: null,
19 verbose parsed url   host: null,
19 verbose parsed url   port: null,
19 verbose parsed url   hostname: null,
19 verbose parsed url   hash: null,
19 verbose parsed url   search: null,
19 verbose parsed url   query: null,
19 verbose parsed url   pathname: '–save-dev',
19 verbose parsed url   path: '–save-dev',
19 verbose parsed url   href: '–save-dev' }
20 silly lockFile 71475bfd-socket-io socket.io
21 verbose lock socket.io /Users/shawnsnyder/.npm/71475bfd-socket-io.lock
22 silly lockFile 36ac6028-save-dev –save-dev
23 verbose lock –save-dev /Users/shawnsnyder/.npm/36ac6028-save-dev.lock
24 silly lockFile 71475bfd-socket-io socket.io
25 silly lockFile 71475bfd-socket-io socket.io
26 silly lockFile 36ac6028-save-dev –save-dev
27 silly lockFile 36ac6028-save-dev –save-dev
28 verbose addNamed [ 'socket.io', '' ]
29 verbose addNamed [ null, '' ]
30 silly lockFile c03de861-socket-io socket.io@
31 verbose lock socket.io@ /Users/shawnsnyder/.npm/c03de861-socket-io.lock
32 verbose addNamed [ '–save-dev', '' ]
33 verbose addNamed [ null, '' ]
34 silly lockFile 370b9e36-save-dev –save-dev@
35 verbose lock –save-dev@ /Users/shawnsnyder/.npm/370b9e36-save-dev.lock
36 silly addNameRange { name: 'socket.io', range: '', hasData: false }
37 silly addNameRange { name: '–save-dev', range: '', hasData: false }
38 verbose url raw –save-dev
39 verbose url resolving [ 'https://registry.npmjs.org/', './%E2%80%93save-dev' ]
40 verbose url resolved https://registry.npmjs.org/%E2%80%93save-dev
41 info trying registry request attempt 1 at 17:16:04
42 http GET https://registry.npmjs.org/%E2%80%93save-dev
43 verbose registry.get socket.io not expired, no request
44 silly addNameRange number 2 { name: 'socket.io', range: '', hasData: true }
45 silly addNameRange versions [ 'socket.io',
45 silly addNameRange   [ '0.3.8',
45 silly addNameRange     '0.4.0',
45 silly addNameRange     '0.4.1',
45 silly addNameRange     '0.5.1',
45 silly addNameRange     '0.5.3',
45 silly addNameRange     '0.6.0',
45 silly addNameRange     '0.6.1',
45 silly addNameRange     '0.6.3',
45 silly addNameRange     '0.6.4',
45 silly addNameRange     '0.6.5',
45 silly addNameRange     '0.6.6',
45 silly addNameRange     '0.6.7',
45 silly addNameRange     '0.6.8',
45 silly addNameRange     '0.6.9',
45 silly addNameRange     '0.6.10',
45 silly addNameRange     '0.6.11',
45 silly addNameRange     '0.6.12',
45 silly addNameRange     '0.6.14',
45 silly addNameRange     '0.6.15',
45 silly addNameRange     '0.6.16',
45 silly addNameRange     '0.6.17',
45 silly addNameRange     '0.6.18',
45 silly addNameRange     '0.7.0',
45 silly addNameRange     '0.7.1',
45 silly addNameRange     '0.7.2',
45 silly addNameRange     '0.7.3',
45 silly addNameRange     '0.7.4',
45 silly addNameRange     '0.7.5',
45 silly addNameRange     '0.7.6',
45 silly addNameRange     '0.7.7',
45 silly addNameRange     '0.7.8',
45 silly addNameRange     '0.7.9',
45 silly addNameRange     '0.7.10',
45 silly addNameRange     '0.7.11',
45 silly addNameRange     '0.8.0',
45 silly addNameRange     '0.8.1',
45 silly addNameRange     '0.8.2',
45 silly addNameRange     '0.8.3',
45 silly addNameRange     '0.8.4',
45 silly addNameRange     '0.8.5',
45 silly addNameRange     '0.8.6',
45 silly addNameRange     '0.8.7',
45 silly addNameRange     '0.9.0',
45 silly addNameRange     '0.9.1',
45 silly addNameRange     '0.9.1-1',
45 silly addNameRange     '0.9.2',
45 silly addNameRange     '0.9.3',
45 silly addNameRange     '0.9.4',
45 silly addNameRange     '0.9.5',
45 silly addNameRange     '0.9.6',
45 silly addNameRange     '0.9.7',
45 silly addNameRange     '0.9.8',
45 silly addNameRange     '0.9.9',
45 silly addNameRange     '0.9.10',
45 silly addNameRange     '0.9.11',
45 silly addNameRange     '0.9.12',
45 silly addNameRange     '0.9.13',
45 silly addNameRange     '0.9.14',
45 silly addNameRange     '0.9.15',
45 silly addNameRange     '0.9.16' ] ]
46 verbose addNamed [ 'socket.io', '0.9.16' ]
47 verbose addNamed [ '0.9.16', '0.9.16' ]
48 silly lockFile a7acce22-socket-io-0-9-16 socket.io@0.9.16
49 verbose lock socket.io@0.9.16 /Users/shawnsnyder/.npm/a7acce22-socket-io-0-9-16.lock
50 verbose read json /Users/shawnsnyder/.npm/socket.io/0.9.16/package/package.json
51 silly lockFile a7acce22-socket-io-0-9-16 socket.io@0.9.16
52 silly lockFile a7acce22-socket-io-0-9-16 socket.io@0.9.16
53 silly lockFile c03de861-socket-io socket.io@
54 silly lockFile c03de861-socket-io socket.io@
55 http 404 https://registry.npmjs.org/%E2%80%93save-dev
56 silly registry.get cb [ 404,
56 silly registry.get   { server: 'CouchDB/1.3.0 (Erlang OTP/R15B03)',
56 silly registry.get     date: 'Fri, 05 Jul 2013 22:16:06 GMT',
56 silly registry.get     'content-type': 'application/json',
56 silly registry.get     'content-length': '52',
56 silly registry.get     'cache-control': 'must-revalidate' } ]
57 silly lockFile 370b9e36-save-dev –save-dev@
58 silly lockFile 370b9e36-save-dev –save-dev@
59 error 404 '%E2%80%93save-dev' is not in the npm registry.
59 error 404 You should bug the author to publish it
59 error 404
59 error 404 Note that you can also install from a
59 error 404 tarball, folder, or http url, or git url.
60 error System Darwin 12.3.0
61 error command "node" "/usr/local/bin/npm" "install" "socket.io" "–save-dev"
62 error cwd /Users/shawnsnyder/Documents/code/bracketYoCordova/www
63 error node -v v0.10.12
64 error npm -v 1.2.32
65 error code E404
66 verbose exit [ 1, true ]
